<?xml version="1.0" encoding="UTF-8"?>
<!-- Generated by org.testng.reporters.JUnitReportReporter -->
<testsuite hostname="Syeds-MBP" name="com.actionClass.CommonActions" tests="1" failures="0" timestamp="16 Apr 2019 05:41:05 GMT" time="0.011" errors="0">
  <testcase name="readProperties" time="0.011" classname="com.actionClass.CommonActions"/>
</testsuite> <!-- com.actionClass.CommonActions -->
