<?xml version="1.0" encoding="UTF-8"?>
<!-- Generated by org.testng.reporters.JUnitReportReporter -->
<testsuite skipped="0" hostname="Syeds-MacBook-Pro.local" name="com.stepDef.HooksClass" tests="1" failures="0" timestamp="15 Apr 2019 19:07:31 GMT" time="5.605" errors="0">
  <testcase name="setUp" time="5.605" classname="com.stepDef.HooksClass"/>
</testsuite> <!-- com.stepDef.HooksClass -->
